<?xml version="1.0" encoding="UTF-8"?>
<!-- Generated by org.testng.reporters.JUnitXMLReporter -->
<testsuite hostname="E5-RDS01-2016" ignored="0" name="Test1" tests="2" failures="1" timestamp="2023-07-12T10:33:49 GMT" time="5.518" errors="0">
  <testcase name="initialize" time="5.086" classname="Automation.demo"/>
  <testcase name="initialize" time="5.102" classname="Automation.demo">
    <failure type="java.lang.NullPointerException">
      <![CDATA[java.lang.NullPointerException
at java.util.regex.Matcher.getTextLength(Unknown Source)
at java.util.regex.Matcher.reset(Unknown Source)
at java.util.regex.Matcher.<init>(Unknown Source)
at java.util.regex.Pattern.matcher(Unknown Source)
at com.aventstack.extentreports.utils.ExceptionUtil.getExceptionHeadline(ExceptionUtil.java:26)
at com.aventstack.extentreports.ExtentTest.log(ExtentTest.java:407)
at com.aventstack.extentreports.ExtentTest.pass(ExtentTest.java:581)
at com.aventstack.extentreports.ExtentTest.pass(ExtentTest.java:593)
at Automation.Listeners.onTestSuccess(Listeners.java:35)
at java.util.ArrayList.forEach(Unknown Source)
at java.util.concurrent.FutureTask.run(Unknown Source)
at java.util.concurrent.ThreadPoolExecutor.runWorker(Unknown Source)
at java.util.concurrent.ThreadPoolExecutor$Worker.run(Unknown Source)
at java.lang.Thread.run(Unknown Source)
... Removed 15 stack frames]]>
    </failure>
  </testcase> <!-- initialize -->
</testsuite> <!-- Test1 -->
