<?xml version="1.0" encoding="UTF-8"?>
<!-- Generated by org.testng.reporters.JUnitXMLReporter -->
<testsuite hostname="E5-RDS01-2016" ignored="0" name="Test" tests="1" failures="1" timestamp="2023-07-12T16:02:20 GMT" time="7.869" errors="0">
  <testcase name="windowCreation" time="2.734" classname="Automation.Homepage">
    <failure type="java.lang.NullPointerException">
      <![CDATA[java.lang.NullPointerException
at java.util.regex.Matcher.getTextLength(Matcher.java:1283)
at java.util.regex.Matcher.reset(Matcher.java:309)
at java.util.regex.Matcher.<init>(Matcher.java:229)
at java.util.regex.Pattern.matcher(Pattern.java:1093)
at com.aventstack.extentreports.utils.ExceptionUtil.getExceptionHeadline(ExceptionUtil.java:26)
at com.aventstack.extentreports.ExtentTest.log(ExtentTest.java:407)
at com.aventstack.extentreports.ExtentTest.pass(ExtentTest.java:581)
at com.aventstack.extentreports.ExtentTest.pass(ExtentTest.java:593)
at Automation.Listeners.onTestSuccess(Listeners.java:35)
at java.util.ArrayList.forEach(ArrayList.java:1257)
at java.util.concurrent.FutureTask.run(FutureTask.java:266)
at java.util.concurrent.ThreadPoolExecutor.runWorker(ThreadPoolExecutor.java:1149)
at java.util.concurrent.ThreadPoolExecutor$Worker.run(ThreadPoolExecutor.java:624)
at java.lang.Thread.run(Thread.java:748)
... Removed 15 stack frames]]>
    </failure>
  </testcase> <!-- windowCreation -->
</testsuite> <!-- Test -->
